<?xml version="1.0" encoding="UTF-8"?>
<!-- Generated by org.testng.reporters.JUnitReportReporter -->
<testsuite skipped="0" hostname="macpk-wks-0008" name="Execution_Suite.Velocity_Suite8" tests="21" failures="0" timestamp="18 Dec 2017 12:04:42 GMT" time="795.378" errors="0">
  <testcase name="login" time="0.652" classname="Execution_Suite.Velocity_Suite8"/>
  <testcase name="SupplierSearch" time="55.543" classname="Execution_Suite.Velocity_Suite8"/>
  <testcase name="MediaLibraryVideoSanity_Youtube" time="38.580" classname="Execution_Suite.Velocity_Suite8"/>
  <testcase name="AssociatedProduct_WithYoutubevideo" time="48.491" classname="Execution_Suite.Velocity_Suite8"/>
  <testcase name="UpdateYoutubeVideo" time="42.703" classname="Execution_Suite.Velocity_Suite8"/>
  <testcase name="SearchVideo" time="21.817" classname="Execution_Suite.Velocity_Suite8"/>
  <testcase name="DeleteVideo" time="23.619" classname="Execution_Suite.Velocity_Suite8"/>
  <testcase name="MediaLibraryVideoSanity_VimeoProductLevel" time="23.018" classname="Execution_Suite.Velocity_Suite8"/>
  <testcase name="AssociatedProduct_WithVimeovideo" time="48.317" classname="Execution_Suite.Velocity_Suite8"/>
  <testcase name="UpdateVimeoVideo" time="42.660" classname="Execution_Suite.Velocity_Suite8"/>
  <testcase name="SearchVimeoVideo" time="21.763" classname="Execution_Suite.Velocity_Suite8"/>
  <testcase name="DeleteVimeoVideo" time="23.624" classname="Execution_Suite.Velocity_Suite8"/>
  <testcase name="FacebookVideoCreation_SupplierLevel" time="23.578" classname="Execution_Suite.Velocity_Suite8"/>
  <testcase name="UpdateFacebook_SupplierLevel" time="30.703" classname="Execution_Suite.Velocity_Suite8"/>
  <testcase name="DeleteFaceBook_VideoSupplierLevel" time="43.499" classname="Execution_Suite.Velocity_Suite8"/>
  <testcase name="AddingVideosOnProductLevel" time="114.250" classname="Execution_Suite.Velocity_Suite8"/>
  <testcase name="VideosSearch_ProductLevelMediaLibrary" time="22.496" classname="Execution_Suite.Velocity_Suite8"/>
  <testcase name="MediaLibraryProductLevel_UpdateVideo" time="26.558" classname="Execution_Suite.Velocity_Suite8"/>
  <testcase name="VideoIntegrationWithProduct_FromMediaLibraryProductLevel" time="44.731" classname="Execution_Suite.Velocity_Suite8"/>
  <testcase name="DeleteVideo_FromMediaLibrary_AtProductLevel" time="60.513" classname="Execution_Suite.Velocity_Suite8"/>
  <testcase name="SaveChanges_AfterVideoProductLevelSanity" time="38.263" classname="Execution_Suite.Velocity_Suite8"/>
</testsuite> <!-- Execution_Suite.Velocity_Suite8 -->
