<?xml version="1.0" encoding="UTF-8"?>
<!-- Generated by org.testng.reporters.JUnitReportReporter -->
<testsuite skipped="0" hostname="macpk-wks-0076" name="Execution_Suite.Velocity_Distributor_WithLicence" tests="4" failures="0" timestamp="10 Apr 2019 13:22:22 GMT" time="331.443" errors="0">
  <testcase name="login" time="20.892" classname="Execution_Suite.Velocity_Distributor_WithLicence"/>
  <testcase name="DistributorSearch" time="29.537" classname="Execution_Suite.Velocity_Distributor_WithLicence"/>
  <testcase name="AddSharedProduct" time="138.666" classname="Execution_Suite.Velocity_Distributor_WithLicence"/>
  <testcase name="SEO_DistributorCommenets_ImporsonationToSupplier_FromDistributor" time="142.348" classname="Execution_Suite.Velocity_Distributor_WithLicence"/>
</testsuite> <!-- Execution_Suite.Velocity_Distributor_WithLicence -->
