<?xml version="1.0" encoding="UTF-8"?>
<!-- Generated by org.testng.reporters.JUnitReportReporter -->
<testsuite skipped="0" hostname="macpk-wks-0076" name="Execution_Suite.Velocity_WithoutLicence_Decorator" tests="2" failures="0" timestamp="14 Apr 2019 05:13:34 GMT" time="159.573" errors="0">
  <testcase name="login" time="0.506" classname="Execution_Suite.Velocity_WithoutLicence_Decorator"/>
  <testcase name="AddSharedProductDecorator" time="159.067" classname="Execution_Suite.Velocity_WithoutLicence_Decorator"/>
</testsuite> <!-- Execution_Suite.Velocity_WithoutLicence_Decorator -->
