<?xml version="1.0" encoding="UTF-8"?>
<!-- Generated by org.testng.reporters.JUnitReportReporter -->
<testsuite skipped="0" hostname="macpk-wks-0008" name="Execution_Suite.Velocity_NewFeatures_Supplier" tests="8" failures="0" timestamp="18 Nov 2017 10:47:48 GMT" time="871.944" errors="0">
  <testcase name="login" time="7.481" classname="Execution_Suite.Velocity_NewFeatures_Supplier"/>
  <testcase name="AddNewCategory" time="53.873" classname="Execution_Suite.Velocity_NewFeatures_Supplier"/>
  <testcase name="UpdateCategory" time="49.199" classname="Execution_Suite.Velocity_NewFeatures_Supplier"/>
  <testcase name="DeleteCategory" time="47.916" classname="Execution_Suite.Velocity_NewFeatures_Supplier"/>
  <testcase name="ReassignCategoryToProduct" time="420.431" classname="Execution_Suite.Velocity_NewFeatures_Supplier"/>
  <testcase name="EITAdminMessageCenter_SummaryDisplay" time="103.010" classname="Execution_Suite.Velocity_NewFeatures_Supplier"/>
  <testcase name="BulkEdit_ChangeRadioButtons" time="82.013" classname="Execution_Suite.Velocity_NewFeatures_Supplier"/>
  <testcase name="BulkUpdateNetCost" time="108.021" classname="Execution_Suite.Velocity_NewFeatures_Supplier"/>
</testsuite> <!-- Execution_Suite.Velocity_NewFeatures_Supplier -->
