<?xml version="1.0" encoding="UTF-8"?>
<!-- Generated by org.testng.reporters.JUnitReportReporter -->
<testsuite skipped="0" hostname="macpk-wks-0008" name="Execution_Suite.Velocity_NewFeatures_WithLicence" tests="19" failures="0" timestamp="28 Nov 2017 12:28:15 GMT" time="971.524" errors="0">
  <testcase name="login" time="1.178" classname="Execution_Suite.Velocity_NewFeatures_WithLicence"/>
  <testcase name="Supplier_asinumber_Insertion" time="73.847" classname="Execution_Suite.Velocity_NewFeatures_WithLicence"/>
  <testcase name="SpecialsCreation" time="61.784" classname="Execution_Suite.Velocity_NewFeatures_WithLicence"/>
  <testcase name="ProductsInsert_Specials" time="30.190" classname="Execution_Suite.Velocity_NewFeatures_WithLicence"/>
  <testcase name="Update_Specials" time="44.563" classname="Execution_Suite.Velocity_NewFeatures_WithLicence"/>
  <testcase name="Manage_Products_Add_to_Specials" time="103.867" classname="Execution_Suite.Velocity_NewFeatures_WithLicence"/>
  <testcase name="Delete_Product_From_Specials" time="47.919" classname="Execution_Suite.Velocity_NewFeatures_WithLicence"/>
  <testcase name="Inactivate_Specials" time="8.855" classname="Execution_Suite.Velocity_NewFeatures_WithLicence"/>
  <testcase name="SpecialsExpiration_NotMoreThan180Days" time="37.422" classname="Execution_Suite.Velocity_NewFeatures_WithLicence"/>
  <testcase name="AddTrade" time="43.589" classname="Execution_Suite.Velocity_NewFeatures_WithLicence"/>
  <testcase name="SearchTradeName" time="17.352" classname="Execution_Suite.Velocity_NewFeatures_WithLicence"/>
  <testcase name="EditTradeName" time="22.628" classname="Execution_Suite.Velocity_NewFeatures_WithLicence"/>
  <testcase name="RejectTrade" time="27.523" classname="Execution_Suite.Velocity_NewFeatures_WithLicence"/>
  <testcase name="ApprovedTrade" time="24.389" classname="Execution_Suite.Velocity_NewFeatures_WithLicence"/>
  <testcase name="RejectBulkTrade" time="105.532" classname="Execution_Suite.Velocity_NewFeatures_WithLicence"/>
  <testcase name="ApprovedBulkTrade" time="58.306" classname="Execution_Suite.Velocity_NewFeatures_WithLicence"/>
  <testcase name="SpecifyTaxCategory" time="113.285" classname="Execution_Suite.Velocity_NewFeatures_WithLicence"/>
  <testcase name="MediaLibrarySelectAll" time="50.894" classname="Execution_Suite.Velocity_NewFeatures_WithLicence"/>
  <testcase name="MediaLibrarySort" time="98.401" classname="Execution_Suite.Velocity_NewFeatures_WithLicence"/>
</testsuite> <!-- Execution_Suite.Velocity_NewFeatures_WithLicence -->
