<?xml version="1.0" encoding="UTF-8"?>
<!-- Generated by org.testng.reporters.JUnitReportReporter -->
<testsuite skipped="0" hostname="macpk-wks-0008" name="UnitTests.NewTest" tests="2" failures="0" timestamp="26 Jul 2017 13:35:24 GMT" time="88.051" errors="0">
  <testcase name="login" time="1.129" classname="UnitTests.NewTest"/>
  <testcase name="NavigationfromWebsitesToCustomProducts" time="86.922" classname="UnitTests.NewTest"/>
</testsuite> <!-- UnitTests.NewTest -->
