<?xml version="1.0" encoding="UTF-8"?>
<!-- Generated by org.testng.reporters.JUnitReportReporter -->
<testsuite skipped="0" hostname="macpk-wks-0076" name="Execution_Suite.Specials_and_Trade_Features" tests="31" failures="0" timestamp="13 Apr 2019 04:51:20 GMT" time="979.466" errors="0">
  <testcase name="login" time="11.680" classname="Execution_Suite.Specials_and_Trade_Features"/>
  <testcase name="Supplier_asinumber_Insertion" time="13.768" classname="Execution_Suite.Specials_and_Trade_Features"/>
  <testcase name="SpecialsCreation" time="46.146" classname="Execution_Suite.Specials_and_Trade_Features"/>
  <testcase name="ProductsInsert_Specials" time="20.341" classname="Execution_Suite.Specials_and_Trade_Features"/>
  <testcase name="Update_Specials" time="24.771" classname="Execution_Suite.Specials_and_Trade_Features"/>
  <testcase name="Manage_Products_Add_to_Specials" time="27.826" classname="Execution_Suite.Specials_and_Trade_Features"/>
  <testcase name="Copy_Special" time="35.891" classname="Execution_Suite.Specials_and_Trade_Features"/>
  <testcase name="CopyProducts_FromSpecials" time="25.164" classname="Execution_Suite.Specials_and_Trade_Features"/>
  <testcase name="Delete_Product_From_Specials" time="14.642" classname="Execution_Suite.Specials_and_Trade_Features"/>
  <testcase name="Inactivate_Specials" time="7.840" classname="Execution_Suite.Specials_and_Trade_Features"/>
  <testcase name="SpecialsExpiration_NotMoreThan180Days" time="15.247" classname="Execution_Suite.Specials_and_Trade_Features"/>
  <testcase name="AddTrade" time="13.316" classname="Execution_Suite.Specials_and_Trade_Features"/>
  <testcase name="SearchTradeName" time="5.044" classname="Execution_Suite.Specials_and_Trade_Features"/>
  <testcase name="EditTradeName" time="4.153" classname="Execution_Suite.Specials_and_Trade_Features"/>
  <testcase name="RejectTrade" time="40.511" classname="Execution_Suite.Specials_and_Trade_Features"/>
  <testcase name="ApprovedTrade" time="3.732" classname="Execution_Suite.Specials_and_Trade_Features"/>
  <testcase name="RejectBulkTrade" time="31.076" classname="Execution_Suite.Specials_and_Trade_Features"/>
  <testcase name="ApprovedBulkTrade" time="11.949" classname="Execution_Suite.Specials_and_Trade_Features"/>
  <testcase name="DeleteTrade" time="4.775" classname="Execution_Suite.Specials_and_Trade_Features"/>
  <testcase name="AddTheme" time="55.999" classname="Execution_Suite.Specials_and_Trade_Features"/>
  <testcase name="SearchTheme" time="27.872" classname="Execution_Suite.Specials_and_Trade_Features"/>
  <testcase name="UpdateTheme" time="30.061" classname="Execution_Suite.Specials_and_Trade_Features"/>
  <testcase name="DeleteTheme" time="27.751" classname="Execution_Suite.Specials_and_Trade_Features"/>
  <testcase name="AddShape" time="19.633" classname="Execution_Suite.Specials_and_Trade_Features"/>
  <testcase name="SearchShape" time="3.476" classname="Execution_Suite.Specials_and_Trade_Features"/>
  <testcase name="EditShape" time="10.953" classname="Execution_Suite.Specials_and_Trade_Features"/>
  <testcase name="AssignShapeToProduct_WithShapeDeletionError_Verification" time="283.299" classname="Execution_Suite.Specials_and_Trade_Features"/>
  <testcase name="DeleteShape" time="78.937" classname="Execution_Suite.Specials_and_Trade_Features"/>
  <testcase name="SpecifyTaxCategory" time="39.068" classname="Execution_Suite.Specials_and_Trade_Features"/>
  <testcase name="MediaLibrarySelectAll" time="12.084" classname="Execution_Suite.Specials_and_Trade_Features"/>
  <testcase name="MediaLibrarySort" time="32.461" classname="Execution_Suite.Specials_and_Trade_Features"/>
</testsuite> <!-- Execution_Suite.Specials_and_Trade_Features -->
