<?xml version="1.0" encoding="UTF-8"?>
<!-- Generated by org.testng.reporters.JUnitReportReporter -->
<testsuite skipped="0" hostname="macpk-wks-0008" name="UnitTests.HelpandSupport" tests="3" failures="0" timestamp="09 Aug 2017 15:09:36 GMT" time="513.443" errors="0">
  <testcase name="login" time="2.442" classname="UnitTests.HelpandSupport"/>
  <testcase name="SupplierSearch" time="315.398" classname="UnitTests.HelpandSupport"/>
  <testcase name="HelpandSupports" time="195.603" classname="UnitTests.HelpandSupport"/>
</testsuite> <!-- UnitTests.HelpandSupport -->
