<?xml version="1.0" encoding="UTF-8"?>
<!-- Generated by org.testng.reporters.JUnitReportReporter -->
<testsuite skipped="0" hostname="macpk-wks-0008" name="UnitTests.CategoryFeatures" tests="5" failures="0" timestamp="12 Oct 2017 11:10:20 GMT" time="569.130" errors="0">
  <testcase name="login" time="2.404" classname="UnitTests.CategoryFeatures"/>
  <testcase name="AddNewCategory" time="45.723" classname="UnitTests.CategoryFeatures"/>
  <testcase name="UpdateCategory" time="22.180" classname="UnitTests.CategoryFeatures"/>
  <testcase name="DeleteCategory" time="41.231" classname="UnitTests.CategoryFeatures"/>
  <testcase name="ReassignCategoryToProduct" time="457.592" classname="UnitTests.CategoryFeatures"/>
</testsuite> <!-- UnitTests.CategoryFeatures -->
