<?xml version="1.0" encoding="UTF-8"?>
<!-- Generated by org.testng.reporters.JUnitReportReporter -->
<testsuite skipped="0" hostname="macpk-wks-0008" name="Execution_Suite.Velocity_Withoutlicence" tests="1" failures="0" timestamp="12 Jul 2017 07:43:32 GMT" time="1.305" errors="0">
  <testcase name="login" time="1.305" classname="Execution_Suite.Velocity_Withoutlicence"/>
</testsuite> <!-- Execution_Suite.Velocity_Withoutlicence -->
