<?xml version="1.0" encoding="UTF-8"?>
<!-- Generated by org.testng.reporters.JUnitReportReporter -->
<testsuite skipped="0" hostname="macpk-wks-0008" name="Execution_Suite.Velocity_Distributor" tests="12" failures="0" timestamp="21 Jul 2017 13:58:17 GMT" time="815.431" errors="0">
  <testcase name="login" time="1.167" classname="Execution_Suite.Velocity_Distributor"/>
  <testcase name="HelpLicenceAgreement" time="45.038" classname="Execution_Suite.Velocity_Distributor"/>
  <testcase name="EspWebsiteLogoCheck" time="8.449" classname="Execution_Suite.Velocity_Distributor"/>
  <testcase name="NoSupplierInfo" time="3.467" classname="Execution_Suite.Velocity_Distributor"/>
  <testcase name="NoCatalogandComplainceTab" time="3.441" classname="Execution_Suite.Velocity_Distributor"/>
  <testcase name="NoImportExportTab" time="2.444" classname="Execution_Suite.Velocity_Distributor"/>
  <testcase name="NoBulkEdit" time="2.456" classname="Execution_Suite.Velocity_Distributor"/>
  <testcase name="AddSharedProduct" time="239.689" classname="Execution_Suite.Velocity_Distributor"/>
  <testcase name="PrivateProductAdd" time="260.486" classname="Execution_Suite.Velocity_Distributor"/>
  <testcase name="CopyProductAndUpdate" time="56.877" classname="Execution_Suite.Velocity_Distributor"/>
  <testcase name="CreateCustomProducts" time="114.064" classname="Execution_Suite.Velocity_Distributor"/>
  <testcase name="NavigationfromWebsitesToCustomProducts" time="77.853" classname="Execution_Suite.Velocity_Distributor"/>
</testsuite> <!-- Execution_Suite.Velocity_Distributor -->
