<?xml version="1.0" encoding="UTF-8"?>
<!-- Generated by org.testng.reporters.JUnitReportReporter -->
<testsuite skipped="0" hostname="macpk-wks-0008" name="Execution_Suite.UnitTest1" tests="5" failures="0" timestamp="19 Jul 2017 11:57:30 GMT" time="128.775" errors="0">
  <testcase name="login" time="0.637" classname="Execution_Suite.UnitTest1"/>
  <testcase name="EspLogoCheck" time="50.154" classname="Execution_Suite.UnitTest1"/>
  <testcase name="SupplierInfo" time="12.242" classname="Execution_Suite.UnitTest1"/>
  <testcase name="HelpLicenceAgreement" time="10.409" classname="Execution_Suite.UnitTest1"/>
  <testcase name="AddUpdate_Product" time="55.333" classname="Execution_Suite.UnitTest1"/>
</testsuite> <!-- Execution_Suite.UnitTest1 -->
