<?xml version="1.0" encoding="UTF-8"?>
<!-- Generated by org.testng.reporters.JUnitReportReporter -->
<testsuite skipped="0" hostname="macpk-wks-0076" name="Execution_Suite.Videos_Features" tests="50" failures="0" timestamp="13 Apr 2019 03:50:04 GMT" time="1165.594" errors="0">
  <testcase name="login" time="10.597" classname="Execution_Suite.Videos_Features"/>
  <testcase name="SupplierSearch" time="16.278" classname="Execution_Suite.Videos_Features"/>
  <testcase name="BannerVerification" time="3.162" classname="Execution_Suite.Videos_Features"/>
  <testcase name="MediaLibrary_BulkDelete" time="59.838" classname="Execution_Suite.Videos_Features"/>
  <testcase name="ImageUpload_MediaLibrary" time="25.707" classname="Execution_Suite.Videos_Features"/>
  <testcase name="MediaLibrary_ImageDelete" time="64.138" classname="Execution_Suite.Videos_Features"/>
  <testcase name="MediaLibrary_VirtualizeImage" time="10.534" classname="Execution_Suite.Videos_Features"/>
  <testcase name="MediaLibrary_ImageCannotVirtualized" time="7.691" classname="Execution_Suite.Videos_Features"/>
  <testcase name="MediaLibrary_NotVirtualizedImage" time="4.460" classname="Execution_Suite.Videos_Features"/>
  <testcase name="DeleteMasking" time="15.315" classname="Execution_Suite.Videos_Features"/>
  <testcase name="MediaLibrary_ClearMediaTag" time="6.799" classname="Execution_Suite.Videos_Features"/>
  <testcase name="AddTags_MediaLibrary" time="15.911" classname="Execution_Suite.Videos_Features"/>
  <testcase name="MediaLibraryVideoSanity_Youtube" time="21.361" classname="Execution_Suite.Videos_Features"/>
  <testcase name="AssociatedProduct_WithYoutubevideo" time="24.190" classname="Execution_Suite.Videos_Features"/>
  <testcase name="UpdateYoutubeVideo" time="33.808" classname="Execution_Suite.Videos_Features"/>
  <testcase name="SearchVideo" time="6.106" classname="Execution_Suite.Videos_Features"/>
  <testcase name="DeleteVideo" time="5.601" classname="Execution_Suite.Videos_Features"/>
  <testcase name="MediaLibraryVideoSanity_VimeoProductLevel" time="12.202" classname="Execution_Suite.Videos_Features"/>
  <testcase name="AssociatedProduct_WithVimeovideo" time="23.257" classname="Execution_Suite.Videos_Features"/>
  <testcase name="UpdateVimeoVideo" time="29.378" classname="Execution_Suite.Videos_Features"/>
  <testcase name="SearchVimeoVideo" time="7.116" classname="Execution_Suite.Videos_Features"/>
  <testcase name="DeleteVimeoVideo" time="13.610" classname="Execution_Suite.Videos_Features"/>
  <testcase name="FacebookVideoCreation_SupplierLevel" time="13.175" classname="Execution_Suite.Videos_Features"/>
  <testcase name="UpdateFacebook_SupplierLevel" time="12.781" classname="Execution_Suite.Videos_Features"/>
  <testcase name="DeleteFaceBook_VideoSupplierLevel" time="13.602" classname="Execution_Suite.Videos_Features"/>
  <testcase name="MediaLibraryVideoSanity_YoutubeShareLinkVideo" time="19.954" classname="Execution_Suite.Videos_Features"/>
  <testcase name="AddingVideosOnProductLevel" time="99.635" classname="Execution_Suite.Videos_Features"/>
  <testcase name="ImageUpload_ProductLevel" time="34.485" classname="Execution_Suite.Videos_Features"/>
  <testcase name="ProductLevel_ImageDelete" time="41.368" classname="Execution_Suite.Videos_Features"/>
  <testcase name="ProductLevel_VirtualizeImage" time="22.484" classname="Execution_Suite.Videos_Features"/>
  <testcase name="ProductLevel_CannotVirtualizedImage" time="6.441" classname="Execution_Suite.Videos_Features"/>
  <testcase name="ProductLevel_ImageNotVirtualizd" time="5.131" classname="Execution_Suite.Videos_Features"/>
  <testcase name="CopyMaskRegion" time="18.699" classname="Execution_Suite.Videos_Features"/>
  <testcase name="DeletingCopyMaskRegions" time="4.533" classname="Execution_Suite.Videos_Features"/>
  <testcase name="VirtualizeTag_ManageImages" time="8.504" classname="Execution_Suite.Videos_Features"/>
  <testcase name="CannotVirtualize_ManageImages" time="16.705" classname="Execution_Suite.Videos_Features"/>
  <testcase name="YoutubeVideo_ProductLevel" time="40.974" classname="Execution_Suite.Videos_Features"/>
  <testcase name="VideosSearch_ProductLevelMediaLibrary" time="7.674" classname="Execution_Suite.Videos_Features"/>
  <testcase name="MediaLibraryProductLevel_UpdateVideo" time="10.654" classname="Execution_Suite.Videos_Features"/>
  <testcase name="VideoIntegrationWithProduct_FromMediaLibraryProductLevel" time="7.778" classname="Execution_Suite.Videos_Features"/>
  <testcase name="DeleteVideo_FromMediaLibrary_AtProductLevel" time="16.093" classname="Execution_Suite.Videos_Features"/>
  <testcase name="SaveChanges_AfterVideoProductLevelSanity" time="83.750" classname="Execution_Suite.Videos_Features"/>
  <testcase name="ToggleAPI_AtSupplierLevel" time="47.631" classname="Execution_Suite.Videos_Features"/>
  <testcase name="AddCatalog_WithDocFile" time="56.259" classname="Execution_Suite.Videos_Features"/>
  <testcase name="EditCatalog" time="10.392" classname="Execution_Suite.Videos_Features"/>
  <testcase name="DeleteCatalog" time="5.976" classname="Execution_Suite.Videos_Features"/>
  <testcase name="AddCatalog_WithURLLink" time="43.130" classname="Execution_Suite.Videos_Features"/>
  <testcase name="AssigningCatalog_AtProductLevel" time="67.740" classname="Execution_Suite.Videos_Features"/>
  <testcase name="CatalogRankingSwitching_AtProductLevel" time="7.880" classname="Execution_Suite.Videos_Features"/>
  <testcase name="CatalogDetails_Verification_OnManageProductsScreen" time="25.107" classname="Execution_Suite.Videos_Features"/>
</testsuite> <!-- Execution_Suite.Videos_Features -->
